<?xml version="1.0" encoding="UTF-8"?>
<testng-results skipped="0" failed="0" ignored="0" total="1" passed="1">
  <reporter-output>
  </reporter-output>
  <suite name="Surefire suite" duration-ms="3625" started-at="2022-01-11T02:26:36 IST" finished-at="2022-01-11T02:26:40 IST">
    <groups>
    </groups>
    <test name="Surefire test" duration-ms="3625" started-at="2022-01-11T02:26:36 IST" finished-at="2022-01-11T02:26:40 IST">
      <class name="org.example.AddingCartTest">
        <test-method status="PASS" signature="newWindowOPenTest()[pri:0, instance:org.example.AddingCartTest@56ef9176]" name="newWindowOPenTest" duration-ms="3593" started-at="2022-01-11T02:26:36 IST" finished-at="2022-01-11T02:26:40 IST">
          <reporter-output>
          </reporter-output>
        </test-method> <!-- newWindowOPenTest -->
      </class> <!-- org.example.AddingCartTest -->
    </test> <!-- Surefire test -->
  </suite> <!-- Surefire suite -->
</testng-results>
