<?xml version="1.0" encoding="UTF-8"?>
<testng-results skipped="0" failed="0" ignored="0" total="3" passed="3">
  <reporter-output>
  </reporter-output>
  <suite name="Surefire suite" duration-ms="47" started-at="2022-01-01T23:05:13 IST" finished-at="2022-01-01T23:05:13 IST">
    <groups>
    </groups>
    <test name="Surefire test" duration-ms="47" started-at="2022-01-01T23:05:13 IST" finished-at="2022-01-01T23:05:13 IST">
      <class name="org.example.AppTest">
        <test-method status="PASS" signature="demo2()" name="demo2" duration-ms="16" started-at="2022-01-01T23:05:13 IST" finished-at="2022-01-01T23:05:13 IST">
          <reporter-output>
          </reporter-output>
        </test-method> <!-- demo2 -->
        <test-method status="PASS" signature="demo1()" name="demo1" duration-ms="16" started-at="2022-01-01T23:05:13 IST" finished-at="2022-01-01T23:05:13 IST">
          <reporter-output>
          </reporter-output>
        </test-method> <!-- demo1 -->
        <test-method status="PASS" signature="shouldAnswerWithTrue()" name="shouldAnswerWithTrue" duration-ms="16" started-at="2022-01-01T23:05:13 IST" finished-at="2022-01-01T23:05:13 IST">
          <reporter-output>
          </reporter-output>
        </test-method> <!-- shouldAnswerWithTrue -->
      </class> <!-- org.example.AppTest -->
    </test> <!-- Surefire test -->
  </suite> <!-- Surefire suite -->
</testng-results>
