<?xml version="1.0" encoding="UTF-8"?>
<!-- Generated by org.testng.reporters.JUnitXMLReporter -->
<testsuite hostname="LAPTOP-HD02KI4F" ignored="0" name="Surefire test" tests="3" failures="0" timestamp="2022-01-01T23:05:13 IST" time="0.047" errors="0">
  <testcase name="shouldAnswerWithTrue on shouldAnswerWithTrue(org.example.AppTest)" time="0.016" classname="org.example.AppTest"/>
  <testcase name="demo1 on demo1(org.example.AppTest)" time="0.016" classname="org.example.AppTest"/>
  <testcase name="demo2 on demo2(org.example.AppTest)" time="0.016" classname="org.example.AppTest"/>
</testsuite> <!-- Surefire test -->
